 0000           ;  Generated by PSoC Designer 5.4.3191
 0000           ;
 0000           ; =============================================================================
 0000           ; FILENAME: PSoCConfigTBL.asm
 0000           ;  
 0000           ; Copyright (c) Cypress Semiconductor 2013. All Rights Reserved.
 0000           ;  
 0000           ; NOTES:
 0000           ; Do not modify this file. It is generated by PSoC Designer each time the
 0000           ; generate application function is run. The values of the parameters in this
 0000           ; file can be modified by changing the values of the global parameters in the
 0000           ; device editor.
 0000           ;  
 0000           ; =============================================================================
 0000            
 00C0           FLAG_PGMODE_MASK:  equ 0C0h     ; Paging control for > 256 bytes of RAM
 0000           FLAG_PGMODE_0:     equ 00h       ; Direct to Page 0,      indexed to Page 0
 0040           FLAG_PGMODE_1:     equ 40h       ; Direct to Page 0,      indexed to STK_PP page
 0080           FLAG_PGMODE_2:     equ 80h       ; Direct to CUR_PP page, indexed to IDX_PP page
 00C0           FLAG_PGMODE_3:     equ 0C0h       ; Direct to CUR_PP page, indexed to STK_PP page
 0000           FLAG_PGMODE_00b:   equ 00h       ; Same as PGMODE_0
 0040           FLAG_PGMODE_01b:   equ 40h       ; Same as PGMODE_1
 0080           FLAG_PGMODE_10b:   equ 80h       ; Same as PGMODE_2
 00C0           FLAG_PGMODE_11b:   equ 0C0h       ; Same as PGMODE_3
 0010           FLAG_XIO_MASK:     equ 10h     ; I/O Bank select for register space
 0008           FLAG_SUPER:        equ 08h     ; Supervisor Mode
 0004           FLAG_CARRY:        equ 04h     ; Carry Condition Flag
 0002           FLAG_ZERO:         equ 02h     ; Zero  Condition Flag
 0001           FLAG_GLOBAL_IE:    equ 01h     ; Glogal Interrupt Enable
 0000           
 0000           
 0000           ;;=============================================================================
 0000           ;;      Register Space, Bank 0
 0000           ;;=============================================================================
 0000           
 0000           ;------------------------------------------------
 0000           ;  Port Registers
 0000           ;  Note: Also see this address range in Bank 1.
 0000           ;------------------------------------------------
 0000           ; Port 0
 0000           PRT0DR:       equ 00h          ; Port 0 Data Register                     (RW)
 0001           PRT0IE:       equ 01h          ; Port 0 Interrupt Enable Register         (RW)
 0002           PRT0GS:       equ 02h          ; Port 0 Global Select Register            (RW)
 0003           PRT0DM2:      equ 03h          ; Port 0 Drive Mode 2                      (RW)
 0000           ; Port 1
 0004           PRT1DR:       equ 04h          ; Port 1 Data Register                     (RW)
 0005           PRT1IE:       equ 05h          ; Port 1 Interrupt Enable Register         (RW)
 0006           PRT1GS:       equ 06h          ; Port 1 Global Select Register            (RW)
 0007           PRT1DM2:      equ 07h          ; Port 1 Drive Mode 2                      (RW)
 0000           ; Port 2
 0008           PRT2DR:       equ 08h          ; Port 2 Data Register                     (RW)
 0009           PRT2IE:       equ 09h          ; Port 2 Interrupt Enable Register         (RW)
 000A           PRT2GS:       equ 0Ah          ; Port 2 Global Select Register            (RW)
 000B           PRT2DM2:      equ 0Bh          ; Port 2 Drive Mode 2                      (RW)
 0000           ; Port 3
 000C           PRT3DR:       equ 0Ch          ; Port 3 Data Register                     (RW)
 000D           PRT3IE:       equ 0Dh          ; Port 3 Interrupt Enable Register         (RW)
 000E           PRT3GS:       equ 0Eh          ; Port 3 Global Select Register            (RW)
 000F           PRT3DM2:      equ 0Fh          ; Port 3 Drive Mode 2                      (RW)
 0000           ; Port 4
 0010           PRT4DR:       equ 10h          ; Port 4 Data Register                     (RW)
 0011           PRT4IE:       equ 11h          ; Port 4 Interrupt Enable Register         (RW)
 0012           PRT4GS:       equ 12h          ; Port 4 Global Select Register            (RW)
 0013           PRT4DM2:      equ 13h          ; Port 4 Drive Mode 2                      (RW)
 0000           ; Port 5
 0014           PRT5DR:       equ 14h          ; Port 5 Data Register                     (RW)
 0015           PRT5IE:       equ 15h          ; Port 5 Interrupt Enable Register         (RW)
 0016           PRT5GS:       equ 16h          ; Port 5 Global Select Register            (RW)
 0017           PRT5DM2:      equ 17h          ; Port 5 Drive Mode 2                      (RW)
 0000           ; Port 7
 001C           PRT7DR:       equ 1Ch          ; Port 7 Data Register                     (RW)
 001D           PRT7IE:       equ 1Dh          ; Port 7 Interrupt Enable Register         (RW)
 001E           PRT7GS:       equ 1Eh          ; Port 7 Global Select Register            (RW)
 001F           PRT7DM2:      equ 1Fh          ; Port 7 Drive Mode 2                      (RW)
 0000           
 0000           
 0000           ;------------------------------------------------
 0000           ;  Digital PSoC(tm) block Registers
 0000           ;  Note: Also see this address range in Bank 1.
 0000           ;------------------------------------------------
 0000           ; Digital PSoC block 00, Basic Type B
 0020           DBB00DR0:     equ 20h          ; data register 0                          (#)
 0021           DBB00DR1:     equ 21h          ; data register 1                          (W)
 0022           DBB00DR2:     equ 22h          ; data register 2                          (RW)
 0023           DBB00CR0:     equ 23h          ; control & status register 0              (#)
 0000           
 0000           ; Digital PSoC block 01, Basic Type B
 0024           DBB01DR0:     equ 24h          ; data register 0                          (#)
 0025           DBB01DR1:     equ 25h          ; data register 1                          (W)
 0026           DBB01DR2:     equ 26h          ; data register 2                          (RW)
 0027           DBB01CR0:     equ 27h          ; control & status register 0              (#)
 0000           
 0000           ; Digital PSoC block 02, Communications Type B
 0028           DCB02DR0:     equ 28h          ; data register 0                          (#)
 0029           DCB02DR1:     equ 29h          ; data register 1                          (W)
 002A           DCB02DR2:     equ 2Ah          ; data register 2                          (RW)
 002B           DCB02CR0:     equ 2Bh          ; control & status register 0              (#)
 0000           
 0000           ; Digital PSoC block 03, Communications Type B
 002C           DCB03DR0:     equ 2Ch          ; data register 0                          (#)
 002D           DCB03DR1:     equ 2Dh          ; data register 1                          (W)
 002E           DCB03DR2:     equ 2Eh          ; data register 2                          (RW)
 002F           DCB03CR0:     equ 2Fh          ; control & status register 0              (#)
 0000           
 0000           ;------------------------------------------------
 0000           ;  PMA Data Registers
 0000           ;------------------------------------------------
 0000           
 0040           PMA0_DR:   	  equ 40h		   ; PMA Data Register                        (RW)
 0041           PMA1_DR:   	  equ 41h		   ; PMA Data Register                        (RW)
 0042           PMA2_DR:   	  equ 42h		   ; PMA Data Register                        (RW)
 0043           PMA3_DR:   	  equ 43h		   ; PMA Data Register                        (RW)
 0044           PMA4_DR:   	  equ 44h		   ; PMA Data Register                        (RW)
 0045           PMA5_DR:   	  equ 45h		   ; PMA Data Register                        (RW)
 0046           PMA6_DR:   	  equ 46h		   ; PMA Data Register                        (RW)
 0047           PMA7_DR:   	  equ 47h		   ; PMA Data Register                        (RW)
 0000           
 0000           ;------------------------------------------------
 0000           ;  USB Registers
 0000           ;------------------------------------------------
 0000           
 0048           USB_SOF0:     equ 48h		   ; SOF Frame Number LSB(7:0)                (R)
 0049           USB_SOF1:     equ 49h		   ; SOF Frame Number MSB(10:8)               (R)
 0000           
 004A           USB_CR0:      equ 4Ah		   ; USB Control Register 0                   (RW)
 0080           USB_CR0_ENABLE:       equ 80h    ; MASK: enable/disable USB SIE	          (RW)
 007F           USB_CR0_DEVICE_ADDR:  equ 7Fh    ; MASK: USB Device Address               (RW)
 0000           
 004B           USBIO_CR0:    equ 4Bh		   ; USB IO Control Register 0                (#)
 0080           USBIO_CR0_TEN:        equ 80h    ; MASK: enable/disable manual tx on D+ D-(RW)
 0040           USBIO_CR0_TSE0:       equ 40h    ; MASK: transmit a single ended 0        (RW)
 0020           USBIO_CR0_TD:         equ 20h    ; MASK: transmit J or K state on Bus     (RW)
 0001           USBIO_CR0_RD:         equ 01h    ; MASK: read state of differential rx    (R)
 0000           
 004C           USBIO_CR1:    equ 4Ch		   ; USB IO Control Register 0                (#)
 0080           USBIO_CR1_IOMODE:     equ 80h    ; MASK: select Bit Bang Mode/USB Mode    (RW)
 0040           USBIO_CR1_DRIVE_MODE: equ 40h    ; MASK: select CMOS mode/Open Drain mode (RW)
 0020           USBIO_CR1_DPI:        equ 20h    ; MASK: drive D+ high/low                (RW)
 0010           USBIO_CR1_DMI:        equ 10h    ; MASK: drive D- high/low                (RW)
 0008           USBIO_CR1_PS2PUEN:    equ 08h    ; MASK: enable/disable 5K Pullup on D+/D-(RW)
 0004           USBIO_CR1_USBPUEN:    equ 04h    ; MASK: enable/disable USB Pullup on D+  (RW)
 0002           USBIO_CR1_DPO:        equ 02h    ; MASK: read D+ pin                      (R)
 0001           USBIO_CR1_DMO:        equ 01h    ; MASK: read D- pin                      (R)
 0000           
 0000           
 0000           ;------------------------------------------------
 0000           ;  USB Endpoint Registers
 0000           ;------------------------------------------------
 0000           
 004E           EP1_CNT1:     equ 4Eh		   ; Endpoint 1 Count Register 1              (#)
 0080           EP1_CNT1_DATA_TOGGLE: equ 80h    ; MASK: select data toggle 1/0           (RW)
 0040           EP1_CNT1_DATA_VALID:  equ 40h    ; MASK: read error status on rx data     (R)
 0001           EP1_CNT1_CNT_MSB:     equ 01h    ; MASK: MSB of 9-bit count value         (RW)
 0000           
 004F           EP1_CNT:      equ 4Fh		   ; Endpoint 1 Count Register 0              (RW)
 0000           
 0050           EP2_CNT1:     equ 50h		   ; Endpoint 2 Count Register 1              (#)
 0080           EP2_CNT1_DATA_TOGGLE: equ 80h    ; MASK: select data toggle 1/0           (RW)
 0040           EP2_CNT1_DATA_VALID:  equ 40h    ; MASK: read error status on rx data     (R)
 0001           EP2_CNT1_CNT_MSB:     equ 01h    ; MASK: MSB of 9-bit count value         (RW)
 0000           
 0051           EP2_CNT:      equ 51h		   ; Endpoint 2 Count Register 0              (RW)
 0000           
 0052           EP3_CNT1:     equ 52h		   ; Endpoint 3 Count Register 1              (#)
 0080           EP3_CNT1_DATA_TOGGLE: equ 80h    ; MASK: select data toggle 1/0           (RW)
 0040           EP3_CNT1_DATA_VALID:  equ 40h    ; MASK: read error status on rx data     (R)
 0001           EP3_CNT1_CNT_MSB:     equ 01h    ; MASK: MSB of 9-bit count value         (RW)
 0000           
 0053           EP3_CNT:      equ 53h		   ; Endpoint 3 Count Register 0              (RW)
 0000           
 0054           EP4_CNT1:     equ 54h		   ; Endpoint 4 Count Register 1              (#)
 0080           EP4_CNT1_DATA_TOGGLE: equ 80h    ; MASK: select data toggle 1/0           (RW)
 0040           EP4_CNT1_DATA_VALID:  equ 40h    ; MASK: read error status on rx data     (R)
 0001           EP4_CNT1_CNT_MSB:     equ 01h    ; MASK: MSB of 9-bit count value         (RW)
 0000           
 0055           EP4_CNT:      equ 55h		   ; Endpoint 4 Count Register 0              (RW)
 0000           
 0056           EP0_CR:      equ 56h          ; Endpoint 0 Control Register 0            (#)
 0080           EP0_CR_SETUP_RCVD:   equ 80h    ; MASK: Setup received                   (RC)
 0040           EP0_CR_IN_RCVD:      equ 40h    ; MASK: IN received                      (RC)
 0020           EP0_CR_OUT_RCVD:     equ 20h    ; MASK: OUT received                     (RC)
 0010           EP0_CR_ACKD:         equ 10h    ; MASK: Acked transaction                (RC)
 000F           EP0_CR_MODE:         equ 0Fh    ; MASK: Mode response for endpoint       (RW)
 0000           
 0000           ; ------------------------------------------------------------------------------
 0000           ; The following defines are depricated.  Left here for compatibility. 
 0056           EP0_CR0:      equ 56h          ; Endpoint 0 Control Register 0            (#)
 0080           EP0_CR0_SETUP_RCVD:   equ 80h    ; MASK: Setup received                   (RC)
 0040           EP0_CR0_IN_RCVD:      equ 40h    ; MASK: IN received                      (RC)
 0020           EP0_CR0_OUT_RCVD:     equ 20h    ; MASK: OUT received                     (RC)
 0010           EP0_CR0_ACKD:         equ 10h    ; MASK: Acked transaction                (RC)
 000F           EP0_CR0_MODE:         equ 0Fh    ; MASK: Mode response for endpoint       (RW)
 0000           ; ------------------------------------------------------------------------------
 0000           
 0057           EP0_CNT:      equ 57h          ; Endpoint 0 Count Register                (#)
 0080           EP0_CNT_DATA_TOGGLE: equ 80h    ; MASK: select data toggle 1/0           (RW)
 0040           EP0_CNT_DATA_VALID:  equ 40h    ; MASK: read error status on rx data     (RC)
 000F           EP0_CNT_BYTE_CNT:    equ 0Fh    ; MASK: MSB of 9-bit count value         (RW)
 0000           
 0058           EP0_DR0:      equ 58h          ; Endpoint 0 Data Register 0               (RW)
 0059           EP0_DR1:      equ 59h          ; Endpoint 0 Data Register 1               (RW)
 005A           EP0_DR2:      equ 5Ah          ; Endpoint 0 Data Register 2               (RW)
 005B           EP0_DR3:      equ 5Bh          ; Endpoint 0 Data Register 3               (RW)
 005C           EP0_DR4:      equ 5Ch          ; Endpoint 0 Data Register 4               (RW)
 005D           EP0_DR5:      equ 5Dh          ; Endpoint 0 Data Register 5               (RW)
 005E           EP0_DR6:      equ 5Eh          ; Endpoint 0 Data Register 6               (RW)
 005F           EP0_DR7:      equ 5Fh          ; Endpoint 0 Data Register 7               (RW)
 0000           
 0000           ;-------------------------------------
 0000           ;  Analog Control Registers
 0000           ;-------------------------------------
 0060           AMX_IN:       equ 60h          ; Analog Input Multiplexor Control         (RW)
 000C           AMX_IN_ACI1:          equ 0Ch    ; MASK: column 1 input mux
 0003           AMX_IN_ACI0:          equ 03h    ; MASK: column 0 input mux
 0000           
 0061           AMUX_CFG:      equ 61h          ; Analog Mux Bus Configuration Register    (RW)
 0080           AMUX_CFG_BCOL0_MUX:    equ 80h    ; MASK: select AMuxBusB for Col1 input   (RW)
 0040           AMUX_CFG_ACOL0_MUX:    equ 40h    ; MASK: select AMuxBusA for Col0 input   (RW)  
 0030           AMUX_CFG_INTCAP:       equ 30h    ; MASK: select pins for static operation (RW)
 000E           AMUX_CFG_MUXCLK:       equ 0Eh    ; MASK: select precharge clock source    (RW)
 0001           AMUX_CFG_EN:           equ 01h    ; MASK: enable/disable MUXCLK            (RW)
 0000           ;; Keep Old Left. here for compatibility.
 0061           AMUXCFG:      equ 61h          ; Analog Mux Bus Configuration Register    (RW)
 0080           AMUXCFG_BCOL0_MUX:    equ 80h    ; MASK: select AMuxBusB for Col1 input   (RW)
 0040           AMUXCFG_ACOL0_MUX:    equ 40h    ; MASK: select AMuxBusA for Col0 input   (RW)  
 0030           AMUXCFG_INTCAP:       equ 30h    ; MASK: select pins for static operation (RW)
 000E           AMUXCFG_MUXCLK:       equ 0Eh    ; MASK: select precharge clock source    (RW)
 0001           AMUXCFG_EN:           equ 01h    ; MASK: enable/disable MUXCLK            (RW)
 0000           
 0063           ARF_CR:       equ 63h          ; Analog Reference Control Register        (RW)
 0040           ARF_CR_HBE:           equ 40h    ; MASK: Bias level control
 0038           ARF_CR_REF:           equ 38h    ; MASK: Analog Reference controls
 0007           ARF_CR_REFPWR:        equ 07h    ; MASK: Analog Reference power
 0003           ARF_CR_SCPWR:         equ 03h    ; MASK: Switched Cap block power
 0000           
 0064           CMP_CR0:      equ 64h          ; Analog Comparator Bus 0 Register         (#)
 0020           CMP_CR0_COMP1:        equ 20h    ; MASK: Column 1 comparator state        (R)
 0010           CMP_CR0_COMP0:        equ 10h    ; MASK: Column 0 comparator state        (R)
 0002           CMP_CR0_AINT1:        equ 02h    ; MASK: Column 1 interrupt source        (RW)
 0001           CMP_CR0_AINT0:        equ 01h    ; MASK: Column 0 interrupt source        (RW)
 0000           
 0065           ASY_CR:       equ 65h          ; Analog Synchronizaton Control            (#)
 0070           ASY_CR_SARCOUNT:      equ 70h    ; MASK: SAR support: resolution count    (W)
 0008           ASY_CR_SARSIGN:       equ 08h    ; MASK: SAR support: sign                (RW)
 0006           ASY_CR_SARCOL:        equ 06h    ; MASK: SAR support: column spec         (RW)
 0001           ASY_CR_SYNCEN:        equ 01h    ; MASK: Stall bit                        (RW)
 0000           
 0066           CMP_CR1:      equ 66h          ; Analog Comparator Bus 1 Register         (RW)
 0020           CMP_CR1_CLDIS1:       equ 20h    ; MASK: Column 1 comparator bus synch
 0010           CMP_CR1_CLDIS0:       equ 10h    ; MASK: Column 0 comparator bus synch
 0002           CMP_CR1_CLDIX1:       equ 02h    ; MASK: Column 1 comparator bus synch
 0001           CMP_CR1_CLDIX0:       equ 01h    ; MASK: Column 0 comparator bus synch
 0000           
 0000           ;-----------------------------------------------
 0000           ;  Global General Purpose Data Registers
 0000           ;-----------------------------------------------
 006C           TMP_DR0:      equ 6Ch          ; Temporary Data Register 0                (RW)
 006D           TMP_DR1:      equ 6Dh          ; Temporary Data Register 1                (RW)
 006E           TMP_DR2:      equ 6Eh          ; Temporary Data Register 2                (RW)
 006F           TMP_DR3:      equ 6Fh          ; Temporary Data Register 3                (RW)
 0000           
 0000           ;---------------------------------------------------
 0000           ;  Analog PSoC block Registers
 0000           ;
 0000           ;  Note: the following registers are mapped into
 0000           ;  both register bank 0 AND register bank 1.
 0000           ;---------------------------------------------------
 0000           
 0000           ; Continuous Time PSoC block Type B Row 0 Col 0
 0070           ACB00CR3:     equ 70h          ; Control register 3                       (RW)
 0071           ACB00CR0:     equ 71h          ; Control register 0                       (RW)
 0072           ACB00CR1:     equ 72h          ; Control register 1                       (RW)
 0073           ACB00CR2:     equ 73h          ; Control register 2                       (RW)
 0000           
 0000           ; Continuous Time PSoC block Type B Row 0 Col 1
 0074           ACB01CR3:     equ 74h          ; Control register 3                       (RW)
 0075           ACB01CR0:     equ 75h          ; Control register 0                       (RW)
 0076           ACB01CR1:     equ 76h          ; Control register 1                       (RW)
 0077           ACB01CR2:     equ 77h          ; Control register 2                       (RW)
 0000           
 0000           ; Switched Cap PSoC blockType C Row 1 Col 0
 0080           ASC10CR0:     equ 80h          ; Control register 0                       (RW)
 0081           ASC10CR1:     equ 81h          ; Control register 1                       (RW)
 0082           ASC10CR2:     equ 82h          ; Control register 2                       (RW)
 0083           ASC10CR3:     equ 83h          ; Control register 3                       (RW)
 0000           
 0000           ; Switched Cap PSoC blockType D Row 1 Col 1
 0084           ASD11CR0:     equ 84h          ; Control register 0                       (RW)
 0085           ASD11CR1:     equ 85h          ; Control register 1                       (RW)
 0086           ASD11CR2:     equ 86h          ; Control register 2                       (RW)
 0087           ASD11CR3:     equ 87h          ; Control register 3                       (RW)
 0000           
 0000           ; Switched Cap PSoC blockType D Row 2 Col 0
 0090           ASD20CR0:     equ 90h          ; Control register 0                       (RW)
 0091           ASD20CR1:     equ 91h          ; Control register 1                       (RW)
 0092           ASD20CR2:     equ 92h          ; Control register 2                       (RW)
 0093           ASD20CR3:     equ 93h          ; Control register 3                       (RW)
 0000           
 0000           ; Switched Cap PSoC blockType C Row 2 Col 1
 0094           ASC21CR0:     equ 94h          ; Control register 0                       (RW)
 0095           ASC21CR1:     equ 95h          ; Control register 1                       (RW)
 0096           ASC21CR2:     equ 96h          ; Control register 2                       (RW)
 0097           ASC21CR3:     equ 97h          ; Control register 3                       (RW)
 0000           
 0000           ;------------------------------------------------
 0000           ;  Row Digital Interconnects
 0000           ;
 0000           ;  Note: the following registers are mapped into
 0000           ;  both register bank 0 AND register bank 1.
 0000           ;------------------------------------------------
 0000           
 00B0           RDI0RI:       equ 0B0h          ; Row Digital Interconnect Row 0 Input Reg (RW)
 00B1           RDI0SYN:      equ 0B1h          ; Row Digital Interconnect Row 0 Sync Reg  (RW)
 00B2           RDI0IS:       equ 0B2h          ; Row 0 Input Select Register              (RW)
 00B3           RDI0LT0:      equ 0B3h          ; Row 0 Look Up Table Register 0           (RW)
 00B4           RDI0LT1:      equ 0B4h          ; Row 0 Look Up Table Register 1           (RW)
 00B5           RDI0RO0:      equ 0B5h          ; Row 0 Output Register 0                  (RW)
 00B6           RDI0RO1:      equ 0B6h          ; Row 0 Output Register 1                  (RW)
 0000           
 0000           ;-----------------------------------------------
 0000           ;  Ram Page Pointers
 0000           ;-----------------------------------------------
 00D0           CUR_PP:      equ 0D0h           ; Current   Page Pointer
 00D1           STK_PP:      equ 0D1h           ; Stack     Page Pointer
 00D3           IDX_PP:      equ 0D3h           ; Index     Page Pointer
 00D4           MVR_PP:      equ 0D4h           ; MVI Read  Page Pointer
 00D5           MVW_PP:      equ 0D5h           ; MVI Write Page Pointer
 0000           
 0000           ;------------------------------------------------
 0000           ;  I2C Configuration Registers
 0000           ;------------------------------------------------
 00D6           I2C_CFG:      equ 0D6h          ; I2C Configuration Register               (RW)
 0040           I2C_CFG_PINSEL:         equ 40h  ; MASK: Select P1[0] and P1[1] for I2C
 0020           I2C_CFG_BUSERR_IE:      equ 20h  ; MASK: Enable interrupt on Bus Error
 0010           I2C_CFG_STOP_IE:        equ 10h  ; MASK: Enable interrupt on Stop
 0000           I2C_CFG_CLK_RATE_100K:  equ 00h  ; MASK: I2C clock set at 100K
 0004           I2C_CFG_CLK_RATE_400K:  equ 04h  ; MASK: I2C clock set at 400K
 0008           I2C_CFG_CLK_RATE_50K:   equ 08h  ; MASK: I2C clock set at 50K
 000C           I2C_CFG_CLK_RATE_1M6:   equ 0Ch  ; MASK: I2C clock set at 1.6M
 000C           I2C_CFG_CLK_RATE:       equ 0Ch  ; MASK: I2C clock rate setting mask
 0002           I2C_CFG_PSELECT_MASTER: equ 02h  ; MASK: Enable I2C Master
 0001           I2C_CFG_PSELECT_SLAVE:  equ 01h  ; MASK: Enable I2C Slave
 0000           
 00D7           I2C_SCR:      equ 0D7h          ; I2C Status and Control Register          (#)
 0080           I2C_SCR_BUSERR:        equ 80h   ; MASK: I2C Bus Error detected           (RC)
 0040           I2C_SCR_LOSTARB:       equ 40h   ; MASK: I2C Arbitration lost             (RC)
 0020           I2C_SCR_STOP:          equ 20h   ; MASK: I2C Stop detected                (RC)
 0010           I2C_SCR_ACK:           equ 10h   ; MASK: ACK the last byte                (RW)
 0008           I2C_SCR_ADDR:          equ 08h   ; MASK: Address rcv'd is Slave address   (RC)
 0004           I2C_SCR_XMIT:          equ 04h   ; MASK: Set transfer to tranmit mode     (RW)
 0002           I2C_SCR_LRB:           equ 02h   ; MASK: Last recieved bit                (RC)
 0001           I2C_SCR_BYTECOMPLETE:  equ 01h   ; MASK: Transfer of byte complete        (RC)
 0000           
 00D8           I2C_DR:       equ 0D8h          ; I2C Data Register                        (RW)
 0000           
 00D9           I2C_MSCR:     equ 0D9h          ; I2C Master Status and Control Register   (#)
 0008           I2C_MSCR_BUSY:         equ 08h   ; MASK: I2C Busy (Start detected)        (R)
 0004           I2C_MSCR_MODE:         equ 04h   ; MASK: Start has been generated         (R)
 0002           I2C_MSCR_RESTART:      equ 02h   ; MASK: Generate a Restart condition     (RW)
 0001           I2C_MSCR_START:        equ 01h   ; MASK: Generate a Start condition       (RW)
 0000           
 0000           ;------------------------------------------------
 0000           ;  System and Global Resource Registers
 0000           ;------------------------------------------------
 00DA           INT_CLR0:     equ 0DAh          ; Interrupt Clear Register 0               (RW)
 0000                                          ; Use INT_MSK0 bit field masks
 00DB           INT_CLR1:     equ 0DBh          ; Interrupt Clear Register 1               (RW)
 0000                                          ; Use INT_MSK1 bit field masks
 00DC           INT_CLR2:     equ 0DCh          ; Interrupt Clear Register 2               (RW)
 0000                                          ; Use INT_MSK2 bit field masks
 00DD           INT_CLR3:     equ 0DDh          ; Interrupt Clear Register 3               (RW)
 0000                                          ; Use INT_MSK3 bit field masks
 0000           
 00DE           INT_MSK3:     equ 0DEh          ; I2C and Software Mask Register           (RW)
 0080           INT_MSK3_ENSWINT:          equ 80h ; MASK: enable/disable SW interrupt
 0001           INT_MSK3_I2C:              equ 01h ; MASK: enable/disable I2C interrupt
 0000           
 00DF           INT_MSK2:     equ 0DFh          ; USB Mask Register           (RW)
 0080           INT_MSK2_WAKEUP:           equ 80h ; MASK: enable/disable I2C interrupt
 0040           INT_MSK2_EP4:              equ 40h ; MASK: enable/disable SW interrupt
 0020           INT_MSK2_EP3:              equ 20h ; MASK: enable/disable I2C interrupt
 0010           INT_MSK2_EP2:              equ 10h ; MASK: enable/disable SW interrupt
 0008           INT_MSK2_EP1:              equ 08h ; MASK: enable/disable I2C interrupt
 0004           INT_MSK2_EP0:              equ 04h ; MASK: enable/disable SW interrupt
 0002           INT_MSK2_SOF:              equ 02h ; MASK: enable/disable I2C interrupt
 0001           INT_MSK2_BUS_RESET:        equ 01h ; MASK: enable/disable SW interrupt
 0000           
 00E0           INT_MSK0:     equ 0E0h          ; General Interrupt Mask Register          (RW)
 0080           INT_MSK0_VC3:              equ 80h ; MASK: enable/disable VC3 interrupt
 0040           INT_MSK0_SLEEP:            equ 40h ; MASK: enable/disable sleep interrupt
 0020           INT_MSK0_GPIO:             equ 20h ; MASK: enable/disable GPIO  interrupt
 0004           INT_MSK0_ACOLUMN_1:        equ 04h ; MASK: enable/disable Analog col 1 interrupt
 0002           INT_MSK0_ACOLUMN_0:        equ 02h ; MASK: enable/disable Analog col 0 interrupt
 0001           INT_MSK0_VOLTAGE_MONITOR:  equ 01h ; MASK: enable/disable Volts interrupt
 0000           
 00E1           INT_MSK1:     equ 0E1h          ; Digital PSoC block Mask Register         (RW)
 0008           INT_MSK1_DCB03:            equ 08h ; MASK: enable/disable DCB03 block interrupt
 0004           INT_MSK1_DCB02:            equ 04h ; MASK: enable/disable DCB02 block interrupt
 0002           INT_MSK1_DBB01:            equ 02h ; MASK: enable/disable DBB01 block interrupt
 0001           INT_MSK1_DBB00:            equ 01h ; MASK: enable/disable DBB00 block interrupt
 0000           
 00E2           INT_VC:       equ 0E2h          ; Interrupt vector register                (RC)
 00E3           RES_WDT:      equ 0E3h          ; Watch Dog Timer Register                 (W)
 0000           
 0000           ; DECIMATOR Control Registers
 00E4           DEC_DH:       equ 0E4h          ; Data High Register                       (RW)
 00E5           DEC_DL:       equ 0E5h          ; Data Low Register                        (RW)
 00E6           DEC_CR0:      equ 0E6h          ; Data Control Register 0                  (RW)
 00E7           DEC_CR1:      equ 0E7h          ; Data Control Register 1                  (RW)
 0000           
 0000           ;------------------------------------------------------
 0000           ;  MAC Registers for compatibility only
 0000           ;------------------------------------------------------
 0000           
 00E8           MUL_X:        equ 0E8h          ; Multiply Input X Register                (W)
 00E9           MUL_Y:        equ 0E9h          ; Multiply Input Y Register                (W)
 00EA           MUL_DH:       equ 0EAh          ; Multiply Result High Byte Register       (R)
 00EA           MUL_RESULT:   equ 0EAh          ; Multiply Result High Byte Register       (R)
 00EB           MUL_DL:       equ 0EBh          ; Multiply Result Low Byte Register        (R)
 0000           
 00EC           ACC_DR1:      equ 0ECh          ; Accumulator Data Register 1              (RW)
 00EC           MAC_X:        equ ACC_DR1       ; Accumulator Data Register 1              (RW)
 00EC           ACC_LOW_WORD: equ ACC_DR1       ; Accumulator Data Register 1              (RW)
 00ED           ACC_DR0:      equ 0EDh          ; Accumulator Data Register 0              (RW)
 00ED           MAC_Y:        equ ACC_DR0       ; Accumulator Data Register 0              (RW)
 00EE           ACC_DR3:      equ 0EEh          ; Accumulator Data Register 3              (RW)
 00EE           MAC_CL0:      equ ACC_DR3       ; Accumulator Data Register 3              (RW)
 00EE           ACC_HI_WORD:  equ ACC_DR3       ; Accumulator Data Register 3              (RW)
 00EF           ACC_DR2:      equ 0EFh          ; Accumulator Data Register 2              (RW)
 00EF           MAC_CL1:      equ ACC_DR2       ; Accumulator Data Register 2              (RW)
 0000           
 0000           ;------------------------------------------------------
 0000           ;  MAC Registers
 0000           ;------------------------------------------------------
 0000           
 0000           // Multiply/Accumulate Unit 0
 00E8           MUL0_X:       equ 0E8h          ; Multiplier 0 X Register (write)          (W)
 00E9           MUL0_Y:       equ 0E9h          ; Multiplier 0 Y Register (write)          (W)
 00EA           MUL0_DH:      equ 0EAh          ; Multiplier 0 Result Data (high byte read)(R)
 00EB           MUL0_DL:      equ 0EBh          ; Multiplier 0 Result Data ( low byte read)(R)
 00EC           MAC0_X:       equ 0ECh          ; write = MAC 0 X register [also see ACC_DR1]
 00EC           ACC0_DR1:     equ MAC0_X       ; read =  MAC 0 Accumulator, byte 1        (RW)
 00ED           MAC0_Y:       equ 0EDh          ; write = MAC 0 Y register [also see ACC_DR0]
 00ED           ACC0_DR0:     equ MAC0_Y       ; read =  MAC 0 Accumulator, byte 0        (RW)
 00EE           MAC0_CL0:     equ 0EEh          ; write = MAC 0 Clear Accum [also see ACC_DR3]
 00EE           ACC0_DR3:     equ MAC0_CL0     ; read =  MAC 0 Accumulator, byte 3        (RW)
 00EF           MAC0_CL1:     equ 0EFh          ; write = MAC 0 Clear Accum [also see ACC_DR2]
 00EF           ACC0_DR2:     equ MAC0_CL1     ; read =  MAC 0 Accumulator, byte 2        (RW)
 0000           
 0000           // Multiply/Accumulate Unit 1
 00A8           MUL1_X:       equ 0A8h          ; Multiplier 1 X Register (write)          (W)
 00A9           MUL1_Y:       equ 0A9h          ; Multiplier 1 Y Register (write)          (W)
 00AA           MUL1_DH:      equ 0AAh          ; Multiplier 1 Result Data (high byte read)(R)
 00AA           MUL1_RESULT:  equ MUL1_DH       ; Multiplier 1 Result Data (high byte read)(R)
 00AB           MUL1_DL:      equ 0ABh          ; Multiplier 1 Result Data ( low byte read)(R)
 00AC           MAC1_X:       equ 0ACh          ; write = MAC 1 X register [also see ACC_DR1]
 00AC           ACC1_LOW_WORD: equ MAC1_X       ; read =  MAC 1 Accumulator, byte 1       (RW)
 00AC           ACC1_DR1:     equ MAC1_X       ; read =  MAC 1 Accumulator, byte 1        (RW)
 00AD           MAC1_Y:       equ 0ADh          ; write = MAC 1 Y register [also see ACC_DR0]
 00AD           ACC1_DR0:     equ MAC1_Y       ; read =  MAC 1 Accumulator, byte 0        (RW)
 00AE           MAC1_CL0:     equ 0AEh          ; write = MAC 1 Clear Accum [also see ACC_DR3]
 00AE           ACC1_DR3:     equ MAC1_CL0     ; read =  MAC 1 Accumulator, byte 3        (RW)
 00AE           ACC1_HI_WORD: equ MAC1_CL0     ; read =  MAC 1 Accumulator, byte 3        (RW)
 00AF           MAC1_CL1:     equ 0AFh          ; write = MAC 1 Clear Accum [also see ACC_DR2]
 00AF           ACC1_DR2:     equ MAC1_CL1     ; read =  MAC 1 Accumulator, byte 2        (RW)
 0000           
 0000           ;------------------------------------------------------
 0000           ;  System Status and Control Registers
 0000           ;
 0000           ;  Note: The following registers are mapped into both
 0000           ;        register bank 0 AND register bank 1.
 0000           ;------------------------------------------------------
 00F7           CPU_F:        equ 0F7h          ; CPU Flag Register Access                 (RO)
 0000                                              ; Use FLAG_ masks defined at top of file
 0000           
 00FD           DAC_D:        equ 0FDh		   ; DAC Data Register                        (RW)
 0000           
 00FE           CPU_SCR1:     equ 0FEh          ; CPU Status and Control Register #1       (#)
 0080           CPU_SCR1_IRESS:         equ 80h    ; MASK: flag, Internal Reset Status bit
 0010           CPU_SCR1_SLIMO:         equ 10h	   ; MASK: Slow IMO (internal main osc) enable
 0008           CPU_SCR1_ECO_ALWD_WR:   equ 08h    ; MASK: flag, ECO allowed has been written
 0004           CPU_SCR1_ECO_ALLOWED:   equ 04h    ; MASK: ECO allowed to be enabled
 0001           CPU_SCR1_IRAMDIS:       equ 01h    ; MASK: Disable RAM initialization on WDR
 0000           
 00FF           CPU_SCR0:     equ 0FFh          ; CPU Status and Control Register #2       (#)
 0080           CPU_SCR0_GIE_MASK:      equ 80h    ; MASK: Global Interrupt Enable shadow
 0020           CPU_SCR0_WDRS_MASK:     equ 20h    ; MASK: Watch Dog Timer Reset
 0010           CPU_SCR0_PORS_MASK:     equ 10h    ; MASK: power-on reset bit PORS
 0008           CPU_SCR0_SLEEP_MASK:    equ 08h    ; MASK: Enable Sleep
 0001           CPU_SCR0_STOP_MASK:     equ 01h    ; MASK: Halt CPU bit
 0000           
 0000           
 0000           ;;=============================================================================
 0000           ;;      Register Space, Bank 1
 0000           ;;=============================================================================
 0000           
 0000           ;------------------------------------------------
 0000           ;  Port Registers
 0000           ;  Note: Also see this address range in Bank 0.
 0000           ;------------------------------------------------
 0000           ; Port 0
 0000           PRT0DM0:      equ 00h          ; Port 0 Drive Mode 0                      (RW)
 0001           PRT0DM1:      equ 01h          ; Port 0 Drive Mode 1                      (RW)
 0002           PRT0IC0:      equ 02h          ; Port 0 Interrupt Control 0               (RW)
 0003           PRT0IC1:      equ 03h          ; Port 0 Interrupt Control 1               (RW)
 0000           
 0000           ; Port 1
 0004           PRT1DM0:      equ 04h          ; Port 1 Drive Mode 0                      (RW)
 0005           PRT1DM1:      equ 05h          ; Port 1 Drive Mode 1                      (RW)
 0006           PRT1IC0:      equ 06h          ; Port 1 Interrupt Control 0               (RW)
 0007           PRT1IC1:      equ 07h          ; Port 1 Interrupt Control 1               (RW)
 0000           
 0000           ; Port 2
 0008           PRT2DM0:      equ 08h          ; Port 2 Drive Mode 0                      (RW)
 0009           PRT2DM1:      equ 09h          ; Port 2 Drive Mode 1                      (RW)
 000A           PRT2IC0:      equ 0Ah          ; Port 2 Interrupt Control 0               (RW)
 000B           PRT2IC1:      equ 0Bh          ; Port 2 Interrupt Control 1               (RW)
 0000           
 0000           ; Port 3
 000C           PRT3DM0:      equ 0Ch          ; Port 3 Drive Mode 0                      (RW)
 000D           PRT3DM1:      equ 0Dh          ; Port 3 Drive Mode 1                      (RW)
 000E           PRT3IC0:      equ 0Eh          ; Port 3 Interrupt Control 0               (RW)
 000F           PRT3IC1:      equ 0Fh          ; Port 3 Interrupt Control 1               (RW)
 0000           
 0000           ; Port 4
 0010           PRT4DM0:      equ 10h          ; Port 4 Drive Mode 0                      (RW)
 0011           PRT4DM1:      equ 11h          ; Port 4 Drive Mode 1                      (RW)
 0012           PRT4IC0:      equ 12h          ; Port 4 Interrupt Control 0               (RW)
 0013           PRT4IC1:      equ 13h          ; Port 4 Interrupt Control 1               (RW)
 0000           
 0000           ; Port 5
 0014           PRT5DM0:      equ 14h          ; Port 5 Drive Mode 0                      (RW)
 0015           PRT5DM1:      equ 15h          ; Port 5 Drive Mode 1                      (RW)
 0016           PRT5IC0:      equ 16h          ; Port 5 Interrupt Control 0               (RW)
 0017           PRT5IC1:      equ 17h          ; Port 5 Interrupt Control 1               (RW)
 0000           
 0000           ; Port 7
 001C           PRT7DM0:      equ 1Ch          ; Port 7 Drive Mode 0                      (RW)
 001D           PRT7DM1:      equ 1Dh          ; Port 7 Drive Mode 1                      (RW)
 001E           PRT7IC0:      equ 1Eh          ; Port 7 Interrupt Control 0               (RW)
 001F           PRT7IC1:      equ 1Fh          ; Port 7 Interrupt Control 1               (RW)
 0000           
 0000           ;------------------------------------------------
 0000           ;  Digital PSoC(tm) block Registers
 0000           ;  Note: Also see this address range in Bank 0.
 0000           ;------------------------------------------------
 0000           
 0000           ; Digital PSoC block 00, Basic Type B
 0020           DBB00FN:      equ 20h          ; Function Register                        (RW)
 0021           DBB00IN:      equ 21h          ;    Input Register                        (RW)
 0022           DBB00OU:      equ 22h          ;   Output Register                        (RW)
 0000           
 0000           ; Digital PSoC block 01, Basic Type B
 0024           DBB01FN:      equ 24h          ; Function Register                        (RW)
 0025           DBB01IN:      equ 25h          ;    Input Register                        (RW)
 0026           DBB01OU:      equ 26h          ;   Output Register                        (RW)
 0000           
 0000           ; Digital PSoC block 02, Communications Type B
 0028           DCB02FN:      equ 28h          ; Function Register                        (RW)
 0029           DCB02IN:      equ 29h          ;    Input Register                        (RW)
 002A           DCB02OU:      equ 2Ah          ;   Output Register                        (RW)
 0000           
 0000           ; Digital PSoC block 03, Communications Type B
 002C           DCB03FN:      equ 2Ch          ; Function Register                        (RW)
 002D           DCB03IN:      equ 2Dh          ;    Input Register                        (RW)
 002E           DCB03OU:      equ 2Eh          ;   Output Register                        (RW)
 0000           
 0000           ;------------------------------------------------
 0000           ;  PMA Write and Read Registers
 0000           ;------------------------------------------------
 0000           
 0040           PMA0_WA:   	  equ 40h		   ; PMA Write Pointer Register               (RW)
 0041           PMA1_WA:   	  equ 41h		   ; PMA Write Pointer Register               (RW)
 0042           PMA2_WA:   	  equ 42h		   ; PMA Write Pointer Register               (RW)
 0043           PMA3_WA:   	  equ 43h		   ; PMA Write Pointer Register               (RW)
 0044           PMA4_WA:   	  equ 44h		   ; PMA Write Pointer Register               (RW)
 0045           PMA5_WA:   	  equ 45h		   ; PMA Write Pointer Register               (RW)
 0046           PMA6_WA:   	  equ 46h		   ; PMA Write Pointer Register               (RW)
 0047           PMA7_WA:   	  equ 47h		   ; PMA Write Pointer Register               (RW)
 0000           
 0050           PMA0_RA:   	  equ 50h		   ;  PMA Read Pointer Register               (RW)
 0051           PMA1_RA:   	  equ 51h		   ;  PMA Read Pointer Register               (RW)
 0052           PMA2_RA:   	  equ 52h		   ;  PMA Read Pointer Register               (RW)
 0053           PMA3_RA:   	  equ 53h		   ;  PMA Read Pointer Register               (RW)
 0054           PMA4_RA:   	  equ 54h		   ;  PMA Read Pointer Register               (RW)
 0055           PMA5_RA:   	  equ 55h		   ;  PMA Read Pointer Register               (RW)
 0056           PMA6_RA:   	  equ 56h		   ;  PMA Read Pointer Register               (RW)
 0057           PMA7_RA:   	  equ 57h		   ;  PMA Read Pointer Register               (RW)
 0000           
 0000           
 0000           
 0000           ;------------------------------------------------
 0000           ;  System and Global Resource Registers
 0000           ;  Note: Also see this address range in Bank 0.
 0000           ;------------------------------------------------
 0000           
 0060           CLK_CR0:      equ 60h          ; Analog Column Clock Select Register 0    (RW)
 000C           CLK_CR0_ACOLUMN_1:    equ 0Ch    ; MASK: Specify clock for analog cloumn
 0003           CLK_CR0_ACOLUMN_0:    equ 03h    ; MASK: Specify clock for analog cloumn
 0000           
 0061           CLK_CR1:      equ 61h          ; Analog Clock Source Select Register 1    (RW)
 0040           CLK_CR1_SHDIS:        equ 40h    ; MASK: Sample and Hold Disable (all Columns)
 0038           CLK_CR1_ACLK1:        equ 38h    ; MASK: Digital PSoC block for analog source
 0007           CLK_CR1_ACLK2:        equ 07h    ; MASK: Digital PSoC block for analog source
 0000           
 0062           ABF_CR0:      equ 62h          ; Analog Output Buffer Control Register 0  (RW)
 0080           ABF_CR0_ACOL1MUX:     equ 80h    ; MASK: Analog Column 1 Mux control
 0020           ABF_CR0_ABUF1EN:      equ 20h    ; MASK: Enable ACol 1 analog buffer (P0[5])
 0008           ABF_CR0_ABUF0EN:      equ 08h    ; MASK: Enable ACol 0 analog buffer (P0[3])
 0002           ABF_CR0_BYPASS:       equ 02h    ; MASK: Bypass the analog buffers
 0001           ABF_CR0_PWR:          equ 01h    ; MASK: High power mode on all analog buffers
 0000           
 0063           AMD_CR0:      equ 63h          ; Analog Modulator Control Register 0      (RW)
 0007           AMD_CR0_AMOD0:        equ 07h    ; MASK: Modulation source for analog column 1
 0000           
 0064           CMP_GO_EN:    equ 64h          ; Comparator Bus 0/1 To Global Out Enable  (RW)
 0080           CMP_GO_EN_GOO5:       equ 80h    ; MASK: Selected Col 1 signal to GOO5
 0040           CMP_GO_EN_GOO1:       equ 40h    ; MASK: Selected Col 1 signal to GOO1
 0030           CMP_GO_EN_SEL1:       equ 30h    ; MASK: Column 1 Signal Select
 0008           CMP_GO_EN_GOO4:       equ 08h    ; MASK: Selected Col 0 signal to GOO4
 0004           CMP_GO_EN_GOO0:       equ 04h    ; MASK: Selected Col 0 signal to GOO0
 0003           CMP_GO_EN_SEL0:       equ 03h    ; MASK: Column 0 Signal Select
 0000           
 0065           CMP_GO_EN1:   equ 65h          ; Comparator Bus 2/3 To Global Out Enable  (RW)
 0080           CMP_GO_EN1_GOO7:      equ 80h    ; MASK: Selected Col 3 signal to GOO5
 0040           CMP_GO_EN1_GOO3:      equ 40h    ; MASK: Selected Col 3 signal to GOO1
 0030           CMP_GO_EN1_SEL3:      equ 30h    ; MASK: Column 3 Signal Select
 0008           CMP_GO_EN1_GOO6:      equ 08h    ; MASK: Selected Col 2 signal to GOO4
 0004           CMP_GO_EN1_GOO2:      equ 04h    ; MASK: Selected Col 2 signal to GOO0
 0003           CMP_GO_EN1_SEL2:      equ 03h    ; MASK: Column 2 Signal Select
 0000           
 0066           AMD_CR1:      equ 66h          ; Analog Modulator Control Register 1      (RW)
 0007           AMD_CR1_AMOD1:        equ 07h    ; MASK: Modulation ctrl for analog column 1
 0000           
 0067           ALT_CR0:      equ 67h          ; Analog Look Up Table (LUT) Register 0    (RW)
 00F0           ALT_CR0_LUT1:         equ 0F0h    ; MASK: Look up table 1 selection
 000F           ALT_CR0_LUT0:         equ 0Fh    ; MASK: Look up table 0 selection
 0000           
 0068           ALT_CR1:      equ 68h          ; Analog Look Up Table (LUT) Register 0    (RW)
 00F0           ALT_CR0_LUT3:         equ 0F0h    ; MASK: Look up table 3 selection
 000F           ALT_CR0_LUT2:         equ 0Fh    ; MASK: Look up table 2 selection
 0000           
 0069           CLK_CR2:      equ 69h          ; Analog Clock Source Control Register 3   (RW)
 0008           CLK_CR2_ACLK1R:       equ 08h    ; MASK: Analog Column 1 Range 
 0001           CLK_CR2_ACLK0R:       equ 01h    ; MASK: Analog Column 0 Range
 0000           
 0000           ;------------------------------------------------
 0000           ;  USB Registers
 0000           ;------------------------------------------------
 0000           
 00C1           USB_CR1:      equ 0C1h          ; USB Control Register 1                   (#)
 0004           USB_CR1_BUS_ACTIVITY: equ 04h    ; MASK: monitors activity on USB bus     (RC)
 0002           USB_CR1_ENABLE_LOCK:  equ 02h    ; MASK: enable/disable auto lock of osc  (RW)
 0001           USB_CR1_REG_ENABLE:   equ 01h    ; MASK: set mode to reg. on/pass thru    (RW)
 0000           
 00C4           EP1_CR0:      equ 0C4h          ; EP1 Control Register 0                   (#)
 0080           EP1_CR0_STALL:        equ 80h    ; MASK: enable/disable stall             (RW)
 0020           EP1_CR0_NAK_INT_EN:   equ 20h    ; MASK: enable/disable NAK interrupts    (RW)
 0010           EP1_CR0_ACKD:         equ 10h    ; MASK: set when acked transaction occurs(RC)
 000F           EP1_CR0_MODE:         equ 0Fh    ; MASK: mode control for endpoint        (RW)
 0000           
 00C5           EP2_CR0:      equ 0C5h          ; EP2 Control Register 0                   (#)
 0080           EP2_CR0_STALL:        equ 80h    ; MASK: enable/disable stall             (RW)
 0020           EP2_CR0_NAK_INT_EN:   equ 20h    ; MASK: enable/disable NAK interrupts    (RW)
 0010           EP2_CR0_ACKD:         equ 10h    ; MASK: set when acked transaction occurs(RC)
 000F           EP2_CR0_MODE:         equ 0Fh    ; MASK: mode control for endpoint        (RW)
 0000           
 00C6           EP3_CR0:      equ 0C6h          ; EP3 Control Register 0                   (#)
 0080           EP3_CR0_STALL:        equ 80h    ; MASK: enable/disable stall             (RW)
 0020           EP3_CR0_NAK_INT_EN:   equ 20h    ; MASK: enable/disable NAK interrupts    (RW)
 0010           EP3_CR0_ACKD:         equ 10h    ; MASK: set when acked transaction occurs(RC)
 000F           EP3_CR0_MODE:         equ 0Fh    ; MASK: mode control for endpoint        (RW)
 0000           
 00C7           EP4_CR0:      equ 0C7h          ; EP4 Control Register 0                   (#)
 0080           EP4_CR0_STALL:        equ 80h    ; MASK: enable/disable stall             (RW)
 0020           EP4_CR0_NAK_INT_EN:   equ 20h    ; MASK: enable/disable NAK interrupts    (RW)
 0010           EP4_CR0_ACKD:         equ 10h    ; MASK: set when acked transaction occurs(RC)
 000F           EP4_CR0_MODE:         equ 0Fh    ; MASK: mode control for endpoint        (RW)
 0000           
 0000           ;------------------------------------------------
 0000           ;  Global Digital Interconnects
 0000           ;------------------------------------------------
 0000           
 00D0           GDI_O_IN:     equ 0D0h          ; Global Dig Interconnect Odd Inputs Reg   (RW)
 00D1           GDI_E_IN:     equ 0D1h          ; Global Dig Interconnect Even Inputs Reg  (RW)
 00D2           GDI_O_OU:     equ 0D2h          ; Global Dig Interconnect Odd Outputs Reg  (RW)
 00D3           GDI_E_OU:     equ 0D3h          ; Global Dig Interconnect Even Outputs Reg (RW)
 0000           
 0000           ;------------------------------------------------
 0000           ;  AMuxBus Mux Control Registers
 0000           ;------------------------------------------------
 0000           
 00D8           MUX_CR0:      equ 0D8h          ; Analog Mux Bus Port 0 Bit Enables Reg    (RW)
 00D9           MUX_CR1:      equ 0D9h          ; Analog Mux Bus Port 1 Bit Enables Reg    (RW)
 00DA           MUX_CR2:      equ 0DAh          ; Analog Mux Bus Port 2 Bit Enables Reg    (RW)
 00DB           MUX_CR3:      equ 0DBh          ; Analog Mux Bus Port 3 Bit Enables Reg    (RW)
 00EC           MUX_CR4:      equ 0ECh          ; Analog Mux Bus Port 4 Bit Enables Reg    (RW)
 00ED           MUX_CR5:      equ 0EDh          ; Analog Mux Bus Port 5 Bit Enables Reg    (RW)
 0000           
 0000           ;------------------------------------------------
 0000           ;  Clock and System Control Registers
 0000           ;------------------------------------------------
 0000           
 00DD           OSC_GO_EN:    equ 0DDh          ; Oscillator to Global Outputs Enable Register (RW)
 0080           OSC_GOEN_SLPINT:      equ 80h	 ; Enable Sleep Timer onto GOE[7]
 0040           OSC_GOEN_VC3:         equ 40h    ; Enable VC3 onto GOE[6]
 0020           OSC_GOEN_VC2:         equ 20h    ; Enable VC2 onto GOE[5]
 0010           OSC_GOEN_VC1:         equ 10h    ; Enable VC1 onto GOE[4]
 0008           OSC_GOEN_SYSCLKX2:    equ 08h    ; Enable 2X SysClk onto GOE[3]
 0004           OSC_GOEN_SYSCLK:      equ 04h    ; Enable 1X SysClk onto GOE[2]
 0002           OSC_GOEN_CLK24M:      equ 02h    ; Enable 24 MHz clock onto GOE[1]
 0001           OSC_GOEN_CLK32K:      equ 01h    ; Enable 32 kHz clock onto GOE[0]
 0000           
 00DE           OSC_CR4:      equ 0DEh          ; Oscillator Control Register 4            (RW)
 0003           OSC_CR4_VC3SEL:       equ 03h    ; MASK: System VC3 Clock source
 0000           
 00DF           OSC_CR3:      equ 0DFh          ; Oscillator Control Register 3            (RW)
 0000           
 00E0           OSC_CR0:      equ 0E0h          ; System Oscillator Control Register 0     (RW)
 0080           OSC_CR0_32K_SELECT:   equ 80h    ; MASK: Enable/Disable External XTAL Osc
 0040           OSC_CR0_PLL_MODE:     equ 40h    ; MASK: Enable/Disable PLL
 0020           OSC_CR0_NO_BUZZ:      equ 20h    ; MASK: Bandgap always powered/BUZZ bandgap
 0018           OSC_CR0_SLEEP:        equ 18h    ; MASK: Set Sleep timer freq/period
 0000           OSC_CR0_SLEEP_512Hz:  equ 00h    ;     Set sleep bits for 1.95ms period
 0008           OSC_CR0_SLEEP_64Hz:   equ 08h    ;     Set sleep bits for 15.6ms period
 0010           OSC_CR0_SLEEP_8Hz:    equ 10h    ;     Set sleep bits for 125ms period
 0018           OSC_CR0_SLEEP_1Hz:    equ 18h    ;     Set sleep bits for 1 sec period
 0007           OSC_CR0_CPU:          equ 07h    ; MASK: Set CPU Frequency
 0000           OSC_CR0_CPU_3MHz:     equ 00h    ;     set CPU Freq bits for 3MHz Operation
 0001           OSC_CR0_CPU_6MHz:     equ 01h    ;     set CPU Freq bits for 6MHz Operation
 0002           OSC_CR0_CPU_12MHz:    equ 02h    ;     set CPU Freq bits for 12MHz Operation
 0003           OSC_CR0_CPU_24MHz:    equ 03h    ;     set CPU Freq bits for 24MHz Operation
 0004           OSC_CR0_CPU_1d5MHz:   equ 04h    ;     set CPU Freq bits for 1.5MHz Operation
 0005           OSC_CR0_CPU_750kHz:   equ 05h    ;     set CPU Freq bits for 750kHz Operation
 0006           OSC_CR0_CPU_187d5kHz: equ 06h    ;     set CPU Freq bits for 187.5kHz Operation
 0007           OSC_CR0_CPU_93d7kHz:  equ 07h    ;     set CPU Freq bits for 93.7kHz Operation
 0000           
 00E1           OSC_CR1:      equ 0E1h          ; System VC1/VC2 Divider Control Register  (RW)
 00F0           OSC_CR1_VC1:          equ 0F0h    ; MASK: System VC1 24MHz/External Clk divider
 000F           OSC_CR1_VC2:          equ 0Fh    ; MASK: System VC2 24MHz/External Clk divider
 0000           
 00E2           OSC_CR2:      equ 0E2h          ; Oscillator Control Register 2            (RW)
 0080           OSC_CR2_PLLGAIN:      equ 80h    ; MASK: High/Low gain
 0004           OSC_CR2_EXTCLKEN:     equ 04h    ; MASK: Enable/Disable External Clock
 0001           OSC_CR2_SYSCLKX2DIS:  equ 01h    ; MASK: Enable/Disable 48MHz clock source
 0000           
 00E3           VLT_CR:       equ 0E3h          ; Voltage Monitor Control Register         (RW)
 0080           VLT_CR_SMP:           equ 80h    ; MASK: Enable Switch Mode Pump
 0030           VLT_CR_PORLEV:        equ 30h    ; MASK: Mask for Power on Reset level control
 0000           VLT_CR_POR_LOW:       equ 00h    ;   Lowest  Precision Power-on Reset trip point
 0010           VLT_CR_POR_MID:       equ 10h    ;   Middle  Precision Power-on Reset trip point
 0020           VLT_CR_POR_HIGH:      equ 20h    ;   Highest Precision Power-on Reset trip point
 0008           VLT_CR_LVDTBEN:       equ 08h    ; MASK: Enable the CPU Throttle Back on LVD
 0007           VLT_CR_VM:            equ 07h    ; MASK: Mask for Voltage Monitor level setting
 0000           
 00E4           VLT_CMP:      equ 0E4h          ; Voltage Monitor Comparators Register     (R)
 0004           VLT_CMP_PUMP:         equ 04h    ; MASK: Vcc below SMP trip level
 0002           VLT_CMP_LVD:          equ 02h    ; MASK: Vcc below LVD trip level
 0001           VLT_CMP_PPOR:         equ 01h    ; MASK: Vcc below PPOR trip level
 0000           
 00E7           DEC_CR2:      equ 0E7h          ; Data Control Register 2                  (RW)
 0000           
 00E8           IMO_TR:               equ 0E8h    ; Internal Main Oscillator Trim Register   (RW)
 00E9           ILO_TR:               equ 0E9h    ; Internal Low-speed Oscillator Trim       (W)
 00EA           BDG_TR:               equ 0EAh    ; Band Gap Trim Register                   (RW)
 00EB           ECO_TR:               equ 0EBh    ; External Oscillator Trim Register        (W)
 00EF           IMO_TR2:              equ 0EFh    ; Internal Main Oscillator Gain Trim Register (RW)
 0000           
 00FD           DAC_CR:       equ 0FDh          ; DAC Control Register                     (RW)
 0080           DAC_CR_SPLIT_MUX:     equ 80h    ; MASK: enable/disable Splitting of AMuxBuses
 0040           DAC_CR_MUXCLK_GE:     equ 40h    ; MASK: Connect/Disconnect AMuxBus to GOO[6]
 0008           DAC_CR_RANGE:	       equ 08h    ; MASK: High Range/Low Range
 0006           DAC_CR_OSCMODE:	    equ 06h    ; MASK: Sets Reset Mode for AMuxBus
 0001           DAC_CR_ENABLE:        equ 01h    ; MASK: enable/disable AMux Bus
 0000           
 0000           
 0000           ;;=============================================================================
 0000           ;;      M8C System Macros
 0000           ;;  These macros should be used when their functions are needed.
 0000           ;;=============================================================================
 0000           
 0000           ;----------------------------------------------------
 0000           ;  Swapping Register Banks
 0000           ;----------------------------------------------------
 0000               macro M8C_SetBank0
 0000               and   F, ~FLAG_XIO_MASK
 0000               macro M8C_SetBank1
 0000               or    F, FLAG_XIO_MASK
 0000               macro M8C_EnableGInt
 0000               or    F, FLAG_GLOBAL_IE
 0000               macro M8C_DisableGInt
 0000               and   F, ~FLAG_GLOBAL_IE
 0000               macro M8C_DisableIntMask
 0000               and   reg[@0], ~@1              ; disable specified interrupt enable bit
 0000               macro M8C_EnableIntMask
 0000               or    reg[@0], @1               ; enable specified interrupt enable bit
 0000               macro M8C_ClearIntFlag
 0000               mov   reg[@0], ~@1              ; clear specified interrupt enable bit
 0000               macro M8C_EnableWatchDog
 0000               and   reg[CPU_SCR0], ~CPU_SCR0_PORS_MASK
 0000               macro M8C_ClearWDT
 0000               mov   reg[RES_WDT], 00h
 0000               macro M8C_ClearWDTAndSleep
 0000               mov   reg[RES_WDT], 38h
 0000               macro M8C_Stall
 0000               or    reg[ASY_CR], ASY_CR_SYNCEN
 0000               macro M8C_Unstall
 0000               and   reg[ASY_CR], ~ASY_CR_SYNCEN
 0000               macro M8C_Sleep
 0000               or    reg[CPU_SCR0], CPU_SCR0_SLEEP_MASK
 0000               ; The next instruction to be executed depends on the state of the
 0000               ; various interrupt enable bits. If some interrupts are enabled
 0000               ; and the global interrupts are disabled, the next instruction will
 0000               ; be the one that follows the invocation of this macro. If global
 0000               ; interrupts are also enabled then the next instruction will be
 0000               ; from the interrupt vector table. If no interrupts are enabled
 0000               ; then the CPU sleeps forever.
 0000               macro M8C_Stop
 0000               ; In general, you probably don't want to do this, but here's how:
 0000               or    reg[CPU_SCR0], CPU_SCR0_STOP_MASK
 0000               ; Next instruction to be executed is located in the interrupt
 0000               ; vector table entry for Power-On Reset.
 0000               macro M8C_Reset
 0000               ; Restore CPU to the power-on reset state.
 0000               mov A, 0
 0000               SSC
 0000               ; Next non-supervisor instruction will be at interrupt vector 0.
 0000               macro Suspend_CodeCompressor
 0000               or   F, 0
 0000               macro Resume_CodeCompressor
 0000               add  SP, 0
                export LoadConfigTBL_allinonecontrollerpsoc1_Bank1
                export LoadConfigTBL_allinonecontrollerpsoc1_Bank0
                export LoadConfigTBL_allinonecontrollerpsoc1_Ordered
                AREA lit(rom, rel)
 0000           LoadConfigTBL_allinonecontrollerpsoc1_Bank0:
 0000           ;  Instance name UART, User Module UART
 0000           ;       Instance name UART, Block Name RX(DCB03)
 0000 2F00              db              2fh, 00h                ;UART_RX_CONTROL_REG(DCB03CR0)
 0002 2D00              db              2dh, 00h                ;UART_(DCB03DR1)
 0004 2E00              db              2eh, 00h                ;UART_RX_BUFFER_REG (DCB03DR2)
 0006           ;       Instance name UART, Block Name TX(DCB02)
 0006 2B00              db              2bh, 00h                ;UART_TX_CONTROL_REG(DCB02CR0)
 0008 2900              db              29h, 00h                ;UART_TX_BUFFER_REG (DCB02DR1)
 000A 2A00              db              2ah, 00h                ;UART_(DCB02DR2)
 000C           ;  Instance name USBFS, User Module USBFS
 000C           ;  Global Register values Bank 0
 000C 6009              db              60h, 09h                ; AnalogColumnInputSelect register (AMX_IN)
 000E 6600              db              66h, 00h                ; AnalogComparatorControl1 register (CMP_CR1)
 0010 6100              db              61h, 00h                ; AnalogMuxBusConfig register (AMUXCFG)
 0012 6305              db              63h, 05h                ; AnalogReferenceControl register (ARF_CR)
 0014 6500              db              65h, 00h                ; AnalogSyncControl register (ASY_CR)
 0016 E600              db              e6h, 00h                ; DecimatorControl_0 register (DEC_CR0)
 0018 E700              db              e7h, 00h                ; DecimatorControl_1 register (DEC_CR1)
 001A 5600              db              56h, 00h                ; Endpoint0Control register (EP0_CR)
 001C 5700              db              57h, 00h                ; Endpoint0Count register (EP0_CNT)
 001E 5800              db              58h, 00h                ; Endpoint0Data0 register (EP0_DR0)
 0020 5900              db              59h, 00h                ; Endpoint0Data1 register (EP0_DR1)
 0022 5A00              db              5ah, 00h                ; Endpoint0Data2 register (EP0_DR2)
 0024 5B00              db              5bh, 00h                ; Endpoint0Data3 register (EP0_DR3)
 0026 5C00              db              5ch, 00h                ; Endpoint0Data4 register (EP0_DR4)
 0028 5D00              db              5dh, 00h                ; Endpoint0Data5 register (EP0_DR5)
 002A 5E00              db              5eh, 00h                ; Endpoint0Data6 register (EP0_DR6)
 002C 5F00              db              5fh, 00h                ; Endpoint0Data7 register (EP0_DR7)
 002E 4F00              db              4fh, 00h                ; Endpoint1Count0 register (EP1_CNT)
 0030 4E00              db              4eh, 00h                ; Endpoint1Count1 register (EP1_CNT1)
 0032 5100              db              51h, 00h                ; Endpoint2Count0 register (EP2_CNT)
 0034 5000              db              50h, 00h                ; Endpoint2Count1 register (EP2_CNT1)
 0036 5300              db              53h, 00h                ; Endpoint3Count0 register (EP3_CNT)
 0038 5200              db              52h, 00h                ; Endpoint3Count1 register (EP3_CNT1)
 003A 5500              db              55h, 00h                ; Endpoint4Count0 register (EP4_CNT)
 003C 5400              db              54h, 00h                ; Endpoint4Count1 register (EP4_CNT1)
 003E D600              db              d6h, 00h                ; I2CConfig register (I2CCFG)
 0040 B000              db              b0h, 00h                ; Row_0_InputMux register (RDI0RI)
 0042 B100              db              b1h, 00h                ; Row_0_InputSync register (RDI0SYN)
 0044 B200              db              b2h, 00h                ; Row_0_LogicInputAMux register (RDI0IS)
 0046 B333              db              b3h, 33h                ; Row_0_LogicSelect_0 register (RDI0LT0)
 0048 B433              db              b4h, 33h                ; Row_0_LogicSelect_1 register (RDI0LT1)
 004A B510              db              b5h, 10h                ; Row_0_OutputDrive_0 register (RDI0SRO0)
 004C B600              db              b6h, 00h                ; Row_0_OutputDrive_1 register (RDI0SRO1)
 004E 4A00              db              4ah, 00h                ; USBControl_0 register (USB_CR0)
 0050 4B00              db              4bh, 00h                ; USBIOControl_0 register (USBIO_CR0)
 0052 4C00              db              4ch, 00h                ; USBIOControl_1 register (USBIO_CR1)
 0054 FF                db              ffh
 0055           LoadConfigTBL_allinonecontrollerpsoc1_Bank1:
 0055           ;  Instance name UART, User Module UART
 0055           ;       Instance name UART, Block Name RX(DCB03)
 0055 2C05              db              2ch, 05h                ;UART_RX_FUNC_REG   (DCB03FN)
 0057 2DC1              db              2dh, c1h                ;UART_RX_INPUT_REG  (DCB03IN)
 0059 2E40              db              2eh, 40h                ;UART_RX_OUTPUT_REG (DCB03OU)
 005B           ;       Instance name UART, Block Name TX(DCB02)
 005B 281D              db              28h, 1dh                ;UART_TX_FUNC_REG   (DCB02FN)
 005D 2901              db              29h, 01h                ;UART_TX_INPUT_REG  (DCB02IN)
 005F 2A45              db              2ah, 45h                ;UART_TX_OUTPUT_REG (DCB02OU)
 0061           ;  Instance name USBFS, User Module USBFS
 0061           ;  Global Register values Bank 1
 0061 6100              db              61h, 00h                ; AnalogClockSelect1 register (CLK_CR1)
 0063 6900              db              69h, 00h                ; AnalogClockSelect2 register (CLK_CR2)
 0065 6000              db              60h, 00h                ; AnalogColumnClockSelect register (CLK_CR0)
 0067 6200              db              62h, 00h                ; AnalogIOControl_0 register (ABF_CR0)
 0069 6733              db              67h, 33h                ; AnalogLUTControl0 register (ALT_CR0)
 006B 6800              db              68h, 00h                ; AnalogLUTControl1 register (ALT_CR1)
 006D 6300              db              63h, 00h                ; AnalogModulatorControl_0 register (AMD_CR0)
 006F 6600              db              66h, 00h                ; AnalogModulatorControl_1 register (AMD_CR1)
 0071 6400              db              64h, 00h                ; ComparatorGlobalOutEn register (CMP_GO_EN)
 0073 6500              db              65h, 00h                ; ComparatorGlobalOutEn1 register (CMP_GO_EN1)
 0075 FD80              db              fdh, 80h                ; DAC_Control register (DAC_CR)
 0077 C400              db              c4h, 00h                ; Endpoint1Control register (EP1_CR)
 0079 C500              db              c5h, 00h                ; Endpoint2Control register (EP2_CR)
 007B C600              db              c6h, 00h                ; Endpoint3Control register (EP3_CR)
 007D C700              db              c7h, 00h                ; Endpoint4Control register (EP4_CR)
 007F D100              db              d1h, 00h                ; GlobalDigitalInterconnect_Drive_Even_Input register (GDI_E_IN)
 0081 D300              db              d3h, 00h                ; GlobalDigitalInterconnect_Drive_Even_Output register (GDI_E_OU)
 0083 D000              db              d0h, 00h                ; GlobalDigitalInterconnect_Drive_Odd_Input register (GDI_O_IN)
 0085 D200              db              d2h, 00h                ; GlobalDigitalInterconnect_Drive_Odd_Output register (GDI_O_OU)
 0087 E113              db              e1h, 13h                ; OscillatorControl_1 register (OSC_CR1)
 0089 E200              db              e2h, 00h                ; OscillatorControl_2 register (OSC_CR2)
 008B DF26              db              dfh, 26h                ; OscillatorControl_3 register (OSC_CR3)
 008D DE02              db              deh, 02h                ; OscillatorControl_4 register (OSC_CR4)
 008F DD00              db              ddh, 00h                ; OscillatorGlobalBusEnableControl register (OSC_GO_EN)
 0091 D800              db              d8h, 00h                ; Port_0_MUXBusCtrl register (MUX_CR0)
 0093 D900              db              d9h, 00h                ; Port_1_MUXBusCtrl register (MUX_CR1)
 0095 DA00              db              dah, 00h                ; Port_2_MUXBusCtrl register (MUX_CR2)
 0097 DB00              db              dbh, 00h                ; Port_3_MUXBusCtrl register (MUX_CR3)
 0099 EC00              db              ech, 00h                ; Port_4_MUXBusCtrl register (MUX_CR4)
 009B ED00              db              edh, 00h                ; Port_5_MUXBusCtrl register (MUX_CR5)
 009D E700              db              e7h, 00h                ; Type2Decimator_Control register (DEC_CR2)
 009F C100              db              c1h, 00h                ; USBControl_1 register (USB_CR1)
 00A1 FF                db              ffh
                AREA psoc_config(rom, rel)
 0000           LoadConfigTBL_allinonecontrollerpsoc1_Ordered:
 0000           ;  Ordered Global Register values
 0000 70EF          and   F, ~FLAG_XIO_MASK
 0002 620000            mov     reg[00h], 00h           ; Port_0_Data register (PRT0DR)
 0005 7110          or    F, FLAG_XIO_MASK
 0007 620002            mov     reg[00h], 02h           ; Port_0_DriveMode_0 register (PRT0DM0)
 000A 6201FD            mov     reg[01h], fdh           ; Port_0_DriveMode_1 register (PRT0DM1)
 000D 70EF          and   F, ~FLAG_XIO_MASK
 000F 6203FC            mov     reg[03h], fch           ; Port_0_DriveMode_2 register (PRT0DM2)
 0012 620203            mov     reg[02h], 03h           ; Port_0_GlobalSelect register (PRT0GS)
 0015 7110          or    F, FLAG_XIO_MASK
 0017 620200            mov     reg[02h], 00h           ; Port_0_IntCtrl_0 register (PRT0IC0)
 001A 620300            mov     reg[03h], 00h           ; Port_0_IntCtrl_1 register (PRT0IC1)
 001D 70EF          and   F, ~FLAG_XIO_MASK
 001F 620100            mov     reg[01h], 00h           ; Port_0_IntEn register (PRT0IE)
 0022 620400            mov     reg[04h], 00h           ; Port_1_Data register (PRT1DR)
 0025 7110          or    F, FLAG_XIO_MASK
 0027 620400            mov     reg[04h], 00h           ; Port_1_DriveMode_0 register (PRT1DM0)
 002A 6205FF            mov     reg[05h], ffh           ; Port_1_DriveMode_1 register (PRT1DM1)
 002D 70EF          and   F, ~FLAG_XIO_MASK
 002F 6207FF            mov     reg[07h], ffh           ; Port_1_DriveMode_2 register (PRT1DM2)
 0032 620600            mov     reg[06h], 00h           ; Port_1_GlobalSelect register (PRT1GS)
 0035 7110          or    F, FLAG_XIO_MASK
 0037 620600            mov     reg[06h], 00h           ; Port_1_IntCtrl_0 register (PRT1IC0)
 003A 620700            mov     reg[07h], 00h           ; Port_1_IntCtrl_1 register (PRT1IC1)
 003D 70EF          and   F, ~FLAG_XIO_MASK
 003F 620500            mov     reg[05h], 00h           ; Port_1_IntEn register (PRT1IE)
 0042 620800            mov     reg[08h], 00h           ; Port_2_Data register (PRT2DR)
 0045 7110          or    F, FLAG_XIO_MASK
 0047 620800            mov     reg[08h], 00h           ; Port_2_DriveMode_0 register (PRT2DM0)
 004A 62093F            mov     reg[09h], 3fh           ; Port_2_DriveMode_1 register (PRT2DM1)
 004D 70EF          and   F, ~FLAG_XIO_MASK
 004F 620B3F            mov     reg[0bh], 3fh           ; Port_2_DriveMode_2 register (PRT2DM2)
 0052 620A00            mov     reg[0ah], 00h           ; Port_2_GlobalSelect register (PRT2GS)
 0055 7110          or    F, FLAG_XIO_MASK
 0057 620A00            mov     reg[0ah], 00h           ; Port_2_IntCtrl_0 register (PRT2IC0)
 005A 620B00            mov     reg[0bh], 00h           ; Port_2_IntCtrl_1 register (PRT2IC1)
 005D 70EF          and   F, ~FLAG_XIO_MASK
 005F 620900            mov     reg[09h], 00h           ; Port_2_IntEn register (PRT2IE)
 0062 620C00            mov     reg[0ch], 00h           ; Port_3_Data register (PRT3DR)
 0065 7110          or    F, FLAG_XIO_MASK
 0067 620C00            mov     reg[0ch], 00h           ; Port_3_DriveMode_0 register (PRT3DM0)
 006A 620D00            mov     reg[0dh], 00h           ; Port_3_DriveMode_1 register (PRT3DM1)
 006D 70EF          and   F, ~FLAG_XIO_MASK
 006F 620F00            mov     reg[0fh], 00h           ; Port_3_DriveMode_2 register (PRT3DM2)
 0072 620E00            mov     reg[0eh], 00h           ; Port_3_GlobalSelect register (PRT3GS)
 0075 7110          or    F, FLAG_XIO_MASK
 0077 620E00            mov     reg[0eh], 00h           ; Port_3_IntCtrl_0 register (PRT3IC0)
 007A 620F00            mov     reg[0fh], 00h           ; Port_3_IntCtrl_1 register (PRT3IC1)
 007D 70EF          and   F, ~FLAG_XIO_MASK
 007F 620D00            mov     reg[0dh], 00h           ; Port_3_IntEn register (PRT3IE)
 0082 621000            mov     reg[10h], 00h           ; Port_4_Data register (PRT4DR)
 0085 7110          or    F, FLAG_XIO_MASK
 0087 621000            mov     reg[10h], 00h           ; Port_4_DriveMode_0 register (PRT4DM0)
 008A 621100            mov     reg[11h], 00h           ; Port_4_DriveMode_1 register (PRT4DM1)
 008D 70EF          and   F, ~FLAG_XIO_MASK
 008F 621300            mov     reg[13h], 00h           ; Port_4_DriveMode_2 register (PRT4DM2)
 0092 621200            mov     reg[12h], 00h           ; Port_4_GlobalSelect register (PRT4GS)
 0095 7110          or    F, FLAG_XIO_MASK
 0097 621200            mov     reg[12h], 00h           ; Port_4_IntCtrl_0 register (PRT4IC0)
 009A 621300            mov     reg[13h], 00h           ; Port_4_IntCtrl_1 register (PRT4IC1)
 009D 70EF          and   F, ~FLAG_XIO_MASK
 009F 621100            mov     reg[11h], 00h           ; Port_4_IntEn register (PRT4IE)
 00A2 621400            mov     reg[14h], 00h           ; Port_5_Data register (PRT5DR)
 00A5 7110          or    F, FLAG_XIO_MASK
 00A7 621400            mov     reg[14h], 00h           ; Port_5_DriveMode_0 register (PRT5DM0)
 00AA 621500            mov     reg[15h], 00h           ; Port_5_DriveMode_1 register (PRT5DM1)
 00AD 70EF          and   F, ~FLAG_XIO_MASK
 00AF 621700            mov     reg[17h], 00h           ; Port_5_DriveMode_2 register (PRT5DM2)
 00B2 621600            mov     reg[16h], 00h           ; Port_5_GlobalSelect register (PRT5GS)
 00B5 7110          or    F, FLAG_XIO_MASK
 00B7 621600            mov     reg[16h], 00h           ; Port_5_IntCtrl_0 register (PRT5IC0)
 00BA 621700            mov     reg[17h], 00h           ; Port_5_IntCtrl_1 register (PRT5IC1)
 00BD 70EF          and   F, ~FLAG_XIO_MASK
 00BF 621500            mov     reg[15h], 00h           ; Port_5_IntEn register (PRT5IE)
 00C2 621C00            mov     reg[1ch], 00h           ; Port_7_Data register (PRT7DR)
 00C5 7110          or    F, FLAG_XIO_MASK
 00C7 621C00            mov     reg[1ch], 00h           ; Port_7_DriveMode_0 register (PRT7DM0)
 00CA 621D00            mov     reg[1dh], 00h           ; Port_7_DriveMode_1 register (PRT7DM1)
 00CD 70EF          and   F, ~FLAG_XIO_MASK
 00CF 621F00            mov     reg[1fh], 00h           ; Port_7_DriveMode_2 register (PRT7DM2)
 00D2 621E00            mov     reg[1eh], 00h           ; Port_7_GlobalSelect register (PRT7GS)
 00D5 7110          or    F, FLAG_XIO_MASK
 00D7 621E00            mov     reg[1eh], 00h           ; Port_7_IntCtrl_0 register (PRT7IC0)
 00DA 621F00            mov     reg[1fh], 00h           ; Port_7_IntCtrl_1 register (PRT7IC1)
 00DD 70EF          and   F, ~FLAG_XIO_MASK
 00DF 621D00            mov     reg[1dh], 00h           ; Port_7_IntEn register (PRT7IE)
 00E2 70EF          and   F, ~FLAG_XIO_MASK
 00E4 7F                ret
 00E5           
 00E5           
 00E5           ; PSoC Configuration file trailer PsocConfig.asm
